#
# A fatal error has been detected by the Java Runtime Environment:
#
#  SIGSEGV (0xb) at pc=0x000000010af4adf2, pid=4479, tid=19971
#
# JRE version: Java(TM) SE Runtime Environment (8.0_40-b27) (build 1.8.0_40-b27)
# Java VM: Java HotSpot(TM) 64-Bit Server VM (25.40-b25 mixed mode bsd-amd64 compressed oops)
# Problematic frame:
# V  [libjvm.dylib+0x14adf2]  ValueStack::pop_arguments(int)+0x6c
#
# Failed to write core dump. Core dumps have been disabled. To enable core dumping, try "ulimit -c unlimited" before starting Java again
#
# If you would like to submit a bug report, please visit:
#   http://bugreport.java.com/bugreport/crash.jsp
#

---------------  T H R E A D  ---------------

Current thread (0x00007fdb6a853000):  JavaThread "C1 CompilerThread3" daemon [_thread_in_native, id=19971, stack(0x0000000129adc000,0x0000000129bdc000)]

siginfo: si_signo: 11 (SIGSEGV), si_code: 1 (SEGV_MAPERR), si_addr: 0x0000000000000018

Registers:
RAX=0x00007fdb708b91b0, RBX=0x0000000000000003, RCX=0x00007fdb708b9600, RDX=0x0000000000000000
RSP=0x0000000129bdafb0, RBP=0x0000000129bdafd0, RSI=0x0000000000000000, RDI=0x00007fdb6a437400
R8 =0x0000000000000000, R9 =0x00007fdb70253e00, R10=0x0000000125862390, R11=0x00007fdb6e959830
R12=0x00007fdb708b95d0, R13=0x00007fdb6e959750, R14=0x00007fdb708b9110, R15=0x0000000000000003
RIP=0x000000010af4adf2, EFLAGS=0x0000000000010293, ERR=0x0000000000000004
  TRAPNO=0x000000000000000e

Top of Stack: (sp=0x0000000129bdafb0)
0x0000000129bdafb0:   0000000129bdb2d0 00007fdb6a438b80
0x0000000129bdafc0:   0000000000000000 0000000000000001
0x0000000129bdafd0:   0000000129bdb070 000000010aef05f8
0x0000000129bdafe0:   000000010b68b250 0000000129bdb700
0x0000000129bdaff0:   0000000000000000 00007fdb6c029610
0x0000000129bdb000:   0000000100000000 00007fdb6c8356a0
0x0000000129bdb010:   0000000000000000 00007fdb6c8356a0
0x0000000129bdb020:   0000000000000000 000000b800000000
0x0000000129bdb030:   00007fdb6e3b70a0 00007fdb6e3b7140
0x0000000129bdb040:   0100000129bdb070 000000010b6b3ef0
0x0000000129bdb050:   00007fdb6e815610 00007fdb6e959750
0x0000000129bdb060:   0000000129bdb2d0 00000000000000b8
0x0000000129bdb070:   0000000129bdb100 000000010aef2c19
0x0000000129bdb080:   00007fdb708b91b0 0000000000000000
0x0000000129bdb090:   00007fdb6c0296c0 00007fdb6c029610
0x0000000129bdb0a0:   00007fdb6c02c08d 0000000000000000
0x0000000129bdb0b0:   00007fdb708b9110 00007fdb6c02bf10
0x0000000129bdb0c0:   00007fdb6c02c10e 00007fdb6c02c090
0x0000000129bdb0d0:   000000b8000000b8 0000000129bdb2d0
0x0000000129bdb0e0:   00007fdb6e815610 00007fdb6e959750
0x0000000129bdb0f0:   ffffffffffffff00 00007fdb6e957890
0x0000000129bdb100:   0000000129bdb130 000000010aeef4f5
0x0000000129bdb110:   0000000129bdb130 00007fdb6e8143f0
0x0000000129bdb120:   ffffffffffffffff 0000000129bdb2d0
0x0000000129bdb130:   0000000129bdb2b0 000000010aef39d9
0x0000000129bdb140:   00000001254f9248 00000001254f9248
0x0000000129bdb150:   00000000000001f9 0000000129bdb1b0
0x0000000129bdb160:   0000000129bdb1a0 000000010af3e413
0x0000000129bdb170:   00000001254f9248 00007fdb6a853000
0x0000000129bdb180:   00000001254f9248 00000000000001f9
0x0000000129bdb190:   0000000129bdb218 00000001254f9248
0x0000000129bdb1a0:   0000000129bdb200 0000000000000000 

Instructions: (pc=0x000000010af4adf2)
0x000000010af4add2:   08 41 c7 04 24 00 00 00 00 41 29 df 45 3b 7e 30
0x000000010af4ade2:   7d 23 44 89 fb 48 63 db 49 8b 46 38 48 8b 34 d8
0x000000010af4adf2:   48 8b 46 18 03 58 08 4c 89 e7 e8 37 b0 fa ff 41
0x000000010af4ae02:   3b 5e 30 7c e0 45 89 7e 30 4c 89 e0 5b 41 5c 41 

Register to memory mapping:

RAX=0x00007fdb708b91b0 is an unknown value
RBX=0x0000000000000003 is an unknown value
RCX=0x00007fdb708b9600 is an unknown value
RDX=0x0000000000000000 is an unknown value
RSP=0x0000000129bdafb0 is pointing into the stack for thread: 0x00007fdb6a853000
RBP=0x0000000129bdafd0 is pointing into the stack for thread: 0x00007fdb6a853000
RSI=0x0000000000000000 is an unknown value
RDI=0x00007fdb6a437400 is an unknown value
R8 =0x0000000000000000 is an unknown value
R9 =0x00007fdb70253e00 is an unknown value
R10=0x0000000125862390 is an unknown value
R11=0x00007fdb6e959830 is an unknown value
R12=0x00007fdb708b95d0 is an unknown value
R13=0x00007fdb6e959750 is an unknown value
R14=0x00007fdb708b9110 is an unknown value
R15=0x0000000000000003 is an unknown value


Stack: [0x0000000129adc000,0x0000000129bdc000],  sp=0x0000000129bdafb0,  free space=1019k
Native frames: (J=compiled Java code, j=interpreted, Vv=VM code, C=native code)
V  [libjvm.dylib+0x14adf2]  ValueStack::pop_arguments(int)+0x6c
V  [libjvm.dylib+0xf05f8]  GraphBuilder::invoke(Bytecodes::Code)+0xad4
V  [libjvm.dylib+0xf2c19]  GraphBuilder::iterate_bytecodes_for_block(int)+0x2449
V  [libjvm.dylib+0xef4f5]  GraphBuilder::iterate_all_blocks(bool)+0x6f
V  [libjvm.dylib+0xf39d9]  GraphBuilder::GraphBuilder(Compilation*, IRScope*)+0x2cd
V  [libjvm.dylib+0xf8ef2]  IRScope::IRScope(Compilation*, IRScope*, int, ciMethod*, int, bool)+0x154
V  [libjvm.dylib+0xf8fa3]  IR::IR(Compilation*, ciMethod*, int)+0x85
V  [libjvm.dylib+0xe416f]  Compilation::build_hir()+0xa7
V  [libjvm.dylib+0xe42fe]  Compilation::compile_java_method()+0x58
V  [libjvm.dylib+0xe4527]  Compilation::compile_method()+0x6d
V  [libjvm.dylib+0xe473c]  Compilation::Compilation(AbstractCompiler*, ciEnv*, ciMethod*, int, BufferBlob*)+0x1a2
V  [libjvm.dylib+0xe4ebe]  Compiler::compile_method(ciEnv*, ciMethod*, int)+0x90
V  [libjvm.dylib+0x1b041e]  CompileBroker::invoke_compiler_on_method(CompileTask*)+0x5b2
V  [libjvm.dylib+0x1b2965]  CompileBroker::compiler_thread_loop()+0x291
V  [libjvm.dylib+0x549acf]  JavaThread::thread_main_inner()+0x9b
V  [libjvm.dylib+0x54b1c0]  JavaThread::run()+0x1c2
V  [libjvm.dylib+0x46ea8e]  java_start(Thread*)+0xf6
C  [libsystem_pthread.dylib+0x3268]  _pthread_body+0x83
C  [libsystem_pthread.dylib+0x31e5]  _pthread_body+0x0
C  [libsystem_pthread.dylib+0x141d]  thread_start+0xd
C  0x0000000000000000


Current CompileTask:
C1: 111523 8085       3       com.miwashi.model.Stats::<init> (510 bytes)


---------------  P R O C E S S  ---------------

Java Threads: ( => current thread )
  0x00007fdb6d81b800 JavaThread "http-nio-8080-exec-10" daemon [_thread_blocked, id=22791, stack(0x000000012a37a000,0x000000012a47a000)]
  0x00007fdb7209e000 JavaThread "http-nio-8080-exec-9" daemon [_thread_blocked, id=22023, stack(0x000000012a0d9000,0x000000012a1d9000)]
  0x00007fdb7209c800 JavaThread "http-nio-8080-exec-8" daemon [_thread_blocked, id=39427, stack(0x000000012d4b2000,0x000000012d5b2000)]
  0x00007fdb70207000 JavaThread "http-nio-8080-exec-7" daemon [_thread_blocked, id=38915, stack(0x000000012c5a9000,0x000000012c6a9000)]
  0x00007fdb70267800 JavaThread "http-nio-8080-exec-6" daemon [_thread_blocked, id=38403, stack(0x000000012b63e000,0x000000012b73e000)]
  0x00007fdb6dbab000 JavaThread "http-nio-8080-exec-5" daemon [_thread_blocked, id=37891, stack(0x000000012b148000,0x000000012b248000)]
  0x00007fdb72097800 JavaThread "http-nio-8080-exec-4" daemon [_thread_blocked, id=15111, stack(0x000000012aa57000,0x000000012ab57000)]
  0x00007fdb72095000 JavaThread "http-nio-8080-exec-3" daemon [_thread_blocked, id=14087, stack(0x0000000127ad8000,0x0000000127bd8000)]
  0x00007fdb7086a000 JavaThread "http-nio-8080-exec-2" daemon [_thread_blocked, id=37379, stack(0x000000012a86d000,0x000000012a96d000)]
  0x00007fdb72a83000 JavaThread "http-nio-8080-exec-1" daemon [_thread_blocked, id=34311, stack(0x000000012ae25000,0x000000012af25000)]
  0x00007fdb6fa84000 JavaThread "http-nio-8080-Acceptor-0" daemon [_thread_in_native, id=36867, stack(0x0000000130ba7000,0x0000000130ca7000)]
  0x00007fdb6c112000 JavaThread "http-nio-8080-ClientPoller-1" daemon [_thread_in_native, id=36355, stack(0x00000001304e0000,0x00000001305e0000)]
  0x00007fdb6c417800 JavaThread "http-nio-8080-ClientPoller-0" daemon [_thread_in_native, id=35843, stack(0x000000012f223000,0x000000012f323000)]
  0x00007fdb6a96a800 JavaThread "NioBlockingSelector.BlockPoller-1" daemon [_thread_in_native, id=35331, stack(0x000000012e567000,0x000000012e667000)]
  0x00007fdb70243000 JavaThread "pool-2-thread-1" [_thread_blocked, id=34819, stack(0x000000012cf43000,0x000000012d043000)]
  0x00007fdb6d6b3000 JavaThread "reactor-udp-io-18" daemon [_thread_in_native, id=33799, stack(0x000000012bf40000,0x000000012c040000)]
  0x00007fdb7137b000 JavaThread "ringBuffer-17" daemon [_thread_blocked, id=32771, stack(0x000000012ef56000,0x000000012f056000)]
  0x00007fdb6d8af000 JavaThread "workQueueDispatcher-16" daemon [_thread_blocked, id=32259, stack(0x000000012ee53000,0x000000012ef53000)]
  0x00007fdb6e898000 JavaThread "workQueueDispatcher-15" daemon [_thread_blocked, id=31747, stack(0x000000012ed50000,0x000000012ee50000)]
  0x00007fdb6b26a800 JavaThread "workQueueDispatcher-14" daemon [_thread_blocked, id=31235, stack(0x000000012ec4d000,0x000000012ed4d000)]
  0x00007fdb6f8d2800 JavaThread "workQueueDispatcher-13" daemon [_thread_blocked, id=30723, stack(0x000000012eb4a000,0x000000012ec4a000)]
  0x00007fdb6e897000 JavaThread "workQueueDispatcher-12" daemon [_thread_blocked, id=30211, stack(0x000000012ea47000,0x000000012eb47000)]
  0x00007fdb6c4de000 JavaThread "workQueueDispatcher-11" daemon [_thread_blocked, id=29699, stack(0x000000012e69d000,0x000000012e79d000)]
  0x00007fdb70e2b000 JavaThread "workQueueDispatcher-10" daemon [_thread_blocked, id=29187, stack(0x000000012e464000,0x000000012e564000)]
  0x00007fdb6c9d3000 JavaThread "workQueueDispatcher-9" daemon [_thread_blocked, id=28675, stack(0x000000012e361000,0x000000012e461000)]
  0x00007fdb6d8ae000 JavaThread "eventLoop-8" daemon [_thread_blocked, id=28163, stack(0x000000012e25e000,0x000000012e35e000)]
  0x00007fdb6d9dc000 JavaThread "eventLoop-7" daemon [_thread_blocked, id=27651, stack(0x000000012e15b000,0x000000012e25b000)]
  0x00007fdb6dc9b800 JavaThread "eventLoop-6" daemon [_thread_blocked, id=27139, stack(0x000000012e058000,0x000000012e158000)]
  0x00007fdb70292800 JavaThread "eventLoop-5" daemon [_thread_blocked, id=26627, stack(0x000000012df55000,0x000000012e055000)]
  0x00007fdb70368800 JavaThread "eventLoop-4" daemon [_thread_blocked, id=26115, stack(0x000000012dbc6000,0x000000012dcc6000)]
  0x00007fdb6af74000 JavaThread "eventLoop-3" daemon [_thread_blocked, id=25603, stack(0x000000012dac3000,0x000000012dbc3000)]
  0x00007fdb6a8a5000 JavaThread "eventLoop-2" daemon [_thread_blocked, id=25091, stack(0x000000012d9c0000,0x000000012dac0000)]
  0x00007fdb71483000 JavaThread "eventLoop-1" daemon [_thread_blocked, id=24579, stack(0x000000012d5c2000,0x000000012d6c2000)]
  0x00007fdb6a8b0000 JavaThread "container-0" [_thread_blocked, id=24067, stack(0x000000012de52000,0x000000012df52000)]
  0x00007fdb71111000 JavaThread "ContainerBackgroundProcessor[StandardEngine[Tomcat].StandardHost[localhost].StandardContext[]]" daemon [_thread_blocked, id=23559, stack(0x000000012dd4f000,0x000000012de4f000)]
  0x00007fdb6e88c800 JavaThread "Tomcat JDBC Pool Cleaner[349885916:1437745472610]" daemon [_thread_blocked, id=23043, stack(0x000000012b33b000,0x000000012b43b000)]
  0x00007fdb6d1b6000 JavaThread "FileSystemWatcher: files=#24 cl=sun.misc.Launcher$AppClassLoader@14dad5dc" daemon [_thread_blocked, id=21507, stack(0x0000000129faf000,0x000000012a0af000)]
  0x00007fdb6c85a800 JavaThread "Service Thread" daemon [_thread_blocked, id=20483, stack(0x0000000129bdf000,0x0000000129cdf000)]
=>0x00007fdb6a853000 JavaThread "C1 CompilerThread3" daemon [_thread_in_native, id=19971, stack(0x0000000129adc000,0x0000000129bdc000)]
  0x00007fdb6c859000 JavaThread "C2 CompilerThread2" daemon [_thread_blocked, id=19459, stack(0x00000001299d9000,0x0000000129ad9000)]
  0x00007fdb6a84a800 JavaThread "C2 CompilerThread1" daemon [_thread_blocked, id=18947, stack(0x00000001298d6000,0x00000001299d6000)]
  0x00007fdb6b04e800 JavaThread "C2 CompilerThread0" daemon [_thread_blocked, id=18435, stack(0x00000001297d3000,0x00000001298d3000)]
  0x00007fdb6b01f800 JavaThread "Signal Dispatcher" daemon [_thread_blocked, id=14355, stack(0x0000000129331000,0x0000000129431000)]
  0x00007fdb6b014000 JavaThread "Finalizer" daemon [_thread_blocked, id=13571, stack(0x000000012798f000,0x0000000127a8f000)]
  0x00007fdb6d031000 JavaThread "Reference Handler" daemon [_thread_blocked, id=13059, stack(0x000000012788c000,0x000000012798c000)]
  0x00007fdb6b003800 JavaThread "main" [_thread_blocked, id=4867, stack(0x000000010bd6a000,0x000000010be6a000)]

Other Threads:
  0x00007fdb6b013000 VMThread [stack: 0x0000000127789000,0x0000000127889000] [id=12547]
  0x00007fdb6c8ad800 WatcherThread [stack: 0x0000000129ce2000,0x0000000129de2000] [id=20995]

VM state:not at safepoint (normal execution)

VM Mutex/Monitor currently owned by a thread: None

Heap:
 PSYoungGen      total 562176K, used 43910K [0x000000076ab00000, 0x0000000795b80000, 0x00000007c0000000)
  eden space 541184K, 8% used [0x000000076ab00000,0x000000076d5e18d0,0x000000078bb80000)
  from space 20992K, 0% used [0x000000078bb80000,0x000000078bb80000,0x000000078d000000)
  to   space 22016K, 0% used [0x0000000794600000,0x0000000794600000,0x0000000795b80000)
 ParOldGen       total 244736K, used 47938K [0x00000006c0000000, 0x00000006cef00000, 0x000000076ab00000)
  object space 244736K, 19% used [0x00000006c0000000,0x00000006c2ed0908,0x00000006cef00000)
 Metaspace       used 58599K, capacity 60218K, committed 60308K, reserved 1101824K
  class space    used 7059K, capacity 7352K, committed 7424K, reserved 1048576K

Card table byte_map: [0x000000011b2a3000,0x000000011baa4000] byte_map_base: 0x0000000117ca3000

Marking Bits: (ParMarkBitMap*) 0x000000010b6c27a0
 Begin Bits: [0x000000011c812000, 0x0000000120812000)
 End Bits:   [0x0000000120812000, 0x0000000124812000)

Polling page: 0x0000000109dd9000

CodeCache: size=245760Kb used=22446Kb max_used=22735Kb free=223313Kb
 bounds [0x000000010bee3000, 0x000000010d543000, 0x000000011aee3000]
 total_blobs=6971 nmethods=6418 adapters=466
 compilation: enabled

Compilation events (10 events):
Event: 110,582 Thread 0x00007fdb6a853000 nmethod 8083 0x000000010cd53bd0 code [0x000000010cd53d20, 0x000000010cd53e30]
Event: 111,507 Thread 0x00007fdb6a853000 8084       3       org.springsource.loaded.CurrentLiveVersion::hasConstructorChanged (186 bytes)
Event: 111,507 Thread 0x00007fdb6c859000 8086       4       org.springsource.loaded.IncrementalTypeDescriptor::compute (483 bytes)
Event: 111,508 Thread 0x00007fdb6a84a800 8087       4       java.util.Collections$UnmodifiableMap::size (10 bytes)
Event: 111,508 Thread 0x00007fdb6c859000 nmethod 8086 0x000000010c2cea10 code [0x000000010c2ceb60, 0x000000010c2cebd8]
Event: 111,508 Thread 0x00007fdb6a84a800 nmethod 8087 0x000000010c359350 code [0x000000010c3594a0, 0x000000010c359558]
Event: 111,509 Thread 0x00007fdb6a853000 nmethod 8084 0x000000010d143690 code [0x000000010d1439c0, 0x000000010d145778]
Event: 111,509 Thread 0x00007fdb6a853000 8089       3       org.apache.coyote.http11.InternalNioOutputBuffer::hasMoreDataToFlush (56 bytes)
Event: 111,509 Thread 0x00007fdb6a853000 nmethod 8089 0x000000010d142c90 code [0x000000010d142e40, 0x000000010d143478]
Event: 111,509 Thread 0x00007fdb6a853000 8085       3       com.miwashi.model.Stats::<init> (510 bytes)

GC Heap History (10 events):
Event: 4,800 GC heap before
{Heap before GC invocations=10 (full 1):
 PSYoungGen      total 417792K, used 200811K [0x000000076ab00000, 0x000000078bc00000, 0x00000007c0000000)
  eden space 407040K, 46% used [0x000000076ab00000,0x00000007764a2370,0x0000000783880000)
  from space 10752K, 99% used [0x000000078b180000,0x000000078bbf8c00,0x000000078bc00000)
  to   space 12800K, 0% used [0x000000078a300000,0x000000078a300000,0x000000078af80000)
 ParOldGen       total 103424K, used 10887K [0x00000006c0000000, 0x00000006c6500000, 0x000000076ab00000)
  object space 103424K, 10% used [0x00000006c0000000,0x00000006c0aa1c98,0x00000006c6500000)
 Metaspace       used 34764K, capacity 35114K, committed 35416K, reserved 1081344K
  class space    used 4180K, capacity 4254K, committed 4352K, reserved 1048576K
Event: 4,813 GC heap after
Heap after GC invocations=10 (full 1):
 PSYoungGen      total 528896K, used 12793K [0x000000076ab00000, 0x000000078df80000, 0x00000007c0000000)
  eden space 516096K, 0% used [0x000000076ab00000,0x000000076ab00000,0x000000078a300000)
  from space 12800K, 99% used [0x000000078a300000,0x000000078af7e668,0x000000078af80000)
  to   space 15872K, 0% used [0x000000078d000000,0x000000078d000000,0x000000078df80000)
 ParOldGen       total 103424K, used 15278K [0x00000006c0000000, 0x00000006c6500000, 0x000000076ab00000)
  object space 103424K, 14% used [0x00000006c0000000,0x00000006c0eeb850,0x00000006c6500000)
 Metaspace       used 34764K, capacity 35114K, committed 35416K, reserved 1081344K
  class space    used 4180K, capacity 4254K, committed 4352K, reserved 1048576K
}
Event: 4,813 GC heap before
{Heap before GC invocations=11 (full 2):
 PSYoungGen      total 528896K, used 12793K [0x000000076ab00000, 0x000000078df80000, 0x00000007c0000000)
  eden space 516096K, 0% used [0x000000076ab00000,0x000000076ab00000,0x000000078a300000)
  from space 12800K, 99% used [0x000000078a300000,0x000000078af7e668,0x000000078af80000)
  to   space 15872K, 0% used [0x000000078d000000,0x000000078d000000,0x000000078df80000)
 ParOldGen       total 103424K, used 15278K [0x00000006c0000000, 0x00000006c6500000, 0x000000076ab00000)
  object space 103424K, 14% used [0x00000006c0000000,0x00000006c0eeb850,0x00000006c6500000)
 Metaspace       used 34764K, capacity 35114K, committed 35416K, reserved 1081344K
  class space    used 4180K, capacity 4254K, committed 4352K, reserved 1048576K
Event: 4,861 GC heap after
Heap after GC invocations=11 (full 2):
 PSYoungGen      total 528896K, used 0K [0x000000076ab00000, 0x000000078df80000, 0x00000007c0000000)
  eden space 516096K, 0% used [0x000000076ab00000,0x000000076ab00000,0x000000078a300000)
  from space 12800K, 0% used [0x000000078a300000,0x000000078a300000,0x000000078af80000)
  to   space 15872K, 0% used [0x000000078d000000,0x000000078d000000,0x000000078df80000)
 ParOldGen       total 168448K, used 25232K [0x00000006c0000000, 0x00000006ca480000, 0x000000076ab00000)
  object space 168448K, 14% used [0x00000006c0000000,0x00000006c18a4270,0x00000006ca480000)
 Metaspace       used 34764K, capacity 35114K, committed 35416K, reserved 1081344K
  class space    used 4180K, capacity 4254K, committed 4352K, reserved 1048576K
}
Event: 6,808 GC heap before
{Heap before GC invocations=12 (full 2):
 PSYoungGen      total 528896K, used 516096K [0x000000076ab00000, 0x000000078df80000, 0x00000007c0000000)
  eden space 516096K, 100% used [0x000000076ab00000,0x000000078a300000,0x000000078a300000)
  from space 12800K, 0% used [0x000000078a300000,0x000000078a300000,0x000000078af80000)
  to   space 15872K, 0% used [0x000000078d000000,0x000000078d000000,0x000000078df80000)
 ParOldGen       total 168448K, used 25232K [0x00000006c0000000, 0x00000006ca480000, 0x000000076ab00000)
  object space 168448K, 14% used [0x00000006c0000000,0x00000006c18a4270,0x00000006ca480000)
 Metaspace       used 48617K, capacity 49202K, committed 49536K, reserved 1093632K
  class space    used 5852K, capacity 5978K, committed 6016K, reserved 1048576K
Event: 6,824 GC heap after
Heap after GC invocations=12 (full 2):
 PSYoungGen      total 557056K, used 15855K [0x000000076ab00000, 0x0000000795000000, 0x00000007c0000000)
  eden space 541184K, 0% used [0x000000076ab00000,0x000000076ab00000,0x000000078bb80000)
  from space 15872K, 99% used [0x000000078d000000,0x000000078df7be08,0x000000078df80000)
  to   space 20992K, 0% used [0x000000078bb80000,0x000000078bb80000,0x000000078d000000)
 ParOldGen       total 168448K, used 33364K [0x00000006c0000000, 0x00000006ca480000, 0x000000076ab00000)
  object space 168448K, 19% used [0x00000006c0000000,0x00000006c2095188,0x00000006ca480000)
 Metaspace       used 48617K, capacity 49202K, committed 49536K, reserved 1093632K
  class space    used 5852K, capacity 5978K, committed 6016K, reserved 1048576K
}
Event: 67,582 GC heap before
{Heap before GC invocations=13 (full 2):
 PSYoungGen      total 557056K, used 376708K [0x000000076ab00000, 0x0000000795000000, 0x00000007c0000000)
  eden space 541184K, 66% used [0x000000076ab00000,0x0000000780b654b0,0x000000078bb80000)
  from space 15872K, 99% used [0x000000078d000000,0x000000078df7be08,0x000000078df80000)
  to   space 20992K, 0% used [0x000000078bb80000,0x000000078bb80000,0x000000078d000000)
 ParOldGen       total 168448K, used 33364K [0x00000006c0000000, 0x00000006ca480000, 0x000000076ab00000)
  object space 168448K, 19% used [0x00000006c0000000,0x00000006c2095188,0x00000006ca480000)
 Metaspace       used 58037K, capacity 59002K, committed 59028K, reserved 1101824K
  class space    used 6949K, capacity 7164K, committed 7168K, reserved 1048576K
Event: 67,599 GC heap after
Heap after GC invocations=13 (full 2):
 PSYoungGen      total 562176K, used 15256K [0x000000076ab00000, 0x0000000795b80000, 0x00000007c0000000)
  eden space 541184K, 0% used [0x000000076ab00000,0x000000076ab00000,0x000000078bb80000)
  from space 20992K, 72% used [0x000000078bb80000,0x000000078ca66298,0x000000078d000000)
  to   space 22016K, 0% used [0x0000000794600000,0x0000000794600000,0x0000000795b80000)
 ParOldGen       total 168448K, used 47778K [0x00000006c0000000, 0x00000006ca480000, 0x000000076ab00000)
  object space 168448K, 28% used [0x00000006c0000000,0x00000006c2ea8938,0x00000006ca480000)
 Metaspace       used 58037K, capacity 59002K, committed 59028K, reserved 1101824K
  class space    used 6949K, capacity 7164K, committed 7168K, reserved 1048576K
}
Event: 67,599 GC heap before
{Heap before GC invocations=14 (full 3):
 PSYoungGen      total 562176K, used 15256K [0x000000076ab00000, 0x0000000795b80000, 0x00000007c0000000)
  eden space 541184K, 0% used [0x000000076ab00000,0x000000076ab00000,0x000000078bb80000)
  from space 20992K, 72% used [0x000000078bb80000,0x000000078ca66298,0x000000078d000000)
  to   space 22016K, 0% used [0x0000000794600000,0x0000000794600000,0x0000000795b80000)
 ParOldGen       total 168448K, used 47778K [0x00000006c0000000, 0x00000006ca480000, 0x000000076ab00000)
  object space 168448K, 28% used [0x00000006c0000000,0x00000006c2ea8938,0x00000006ca480000)
 Metaspace       used 58037K, capacity 59002K, committed 59028K, reserved 1101824K
  class space    used 6949K, capacity 7164K, committed 7168K, reserved 1048576K
Event: 67,762 GC heap after
Heap after GC invocations=14 (full 3):
 PSYoungGen      total 562176K, used 0K [0x000000076ab00000, 0x0000000795b80000, 0x00000007c0000000)
  eden space 541184K, 0% used [0x000000076ab00000,0x000000076ab00000,0x000000078bb80000)
  from space 20992K, 0% used [0x000000078bb80000,0x000000078bb80000,0x000000078d000000)
  to   space 22016K, 0% used [0x0000000794600000,0x0000000794600000,0x0000000795b80000)
 ParOldGen       total 244736K, used 47938K [0x00000006c0000000, 0x00000006cef00000, 0x000000076ab00000)
  object space 244736K, 19% used [0x00000006c0000000,0x00000006c2ed0908,0x00000006cef00000)
 Metaspace       used 57910K, capacity 58652K, committed 59028K, reserved 1101824K
  class space    used 6905K, capacity 7089K, committed 7168K, reserved 1048576K
}

Deoptimization events (10 events):
Event: 55,449 Thread 0x00007fdb6d1b6000 Uncommon trap: reason=unstable_if action=reinterpret pc=0x000000010c2612c4 method=org.springsource.loaded.TypeRegistry.staticFieldInterceptionRequired(ILjava/lang/String;)Z @ 3
Event: 55,458 Thread 0x00007fdb6d1b6000 Uncommon trap: reason=class_check action=maybe_recompile pc=0x000000010cdb480c method=sl.org.objectweb.asm.ClassReader.a(Lsl/org/objectweb/asm/MethodVisitor;Lsl/org/objectweb/asm/Context;I)V @ 2449
Event: 55,459 Thread 0x00007fdb6d1b6000 Uncommon trap: reason=class_check action=maybe_recompile pc=0x000000010cdb480c method=sl.org.objectweb.asm.ClassReader.a(Lsl/org/objectweb/asm/MethodVisitor;Lsl/org/objectweb/asm/Context;I)V @ 2449
Event: 55,459 Thread 0x00007fdb6d1b6000 Uncommon trap: reason=class_check action=maybe_recompile pc=0x000000010cdb480c method=sl.org.objectweb.asm.ClassReader.a(Lsl/org/objectweb/asm/MethodVisitor;Lsl/org/objectweb/asm/Context;I)V @ 2449
Event: 55,483 Thread 0x00007fdb6d1b6000 Uncommon trap: reason=null_assert action=make_not_entrant pc=0x000000010c3df5f4 method=org.springsource.loaded.ReloadableType.getLatestTypeDescriptor()Lorg/springsource/loaded/TypeDescriptor; @ 4
Event: 55,485 Thread 0x00007fdb6d1b6000 Uncommon trap: reason=unstable_if action=reinterpret pc=0x000000010ce7dc70 method=org.springframework.asm.MethodWriter.visitMethodInsn(ILjava/lang/String;Ljava/lang/String;Ljava/lang/String;Z)V @ 156
Event: 55,580 Thread 0x00007fdb70243000 Uncommon trap: reason=unstable_if action=reinterpret pc=0x000000010c906b0c method=org.springsource.loaded.ri.ReflectiveInterceptor.jlrMethodInvoke(Ljava/lang/reflect/Method;Ljava/lang/Object;[Ljava/lang/Object;)Ljava/lang/Object; @ 1997
Event: 55,580 Thread 0x00007fdb70243000 Uncommon trap: reason=unstable_if action=reinterpret pc=0x000000010c28a984 method=org.springsource.loaded.ri.ReflectiveInterceptor.asAccessibleMethod(Lorg/springsource/loaded/ReloadableType;Ljava/lang/reflect/Method;Ljava/lang/Object;Z)Ljava/lang/reflect/
Event: 55,582 Thread 0x00007fdb70243000 Uncommon trap: reason=unstable_if action=reinterpret pc=0x000000010c88ee50 method=java.util.WeakHashMap.put(Ljava/lang/Object;Ljava/lang/Object;)Ljava/lang/Object; @ 47
Event: 108,506 Thread 0x00007fdb6c112000 Uncommon trap: reason=bimorphic action=maybe_recompile pc=0x000000010c2d552c method=java.util.HashMap.removeNode(ILjava/lang/Object;Ljava/lang/Object;ZZ)Ljava/util/HashMap$Node; @ 68

Internal exceptions (10 events):
Event: 66,435 Thread 0x00007fdb7137b000 Exception <a 'java/lang/ClassNotFoundException': com.miwashi.TestStatusApplication$$Lambda$9/1638472859> (0x000000077eb8f4f0) thrown at [/Users/java_re/workspace/8-2-build-macosx-x86_64/jdk8u40/3153/hotspot/src/share/vm/prims/jni.cpp, line 735]
Event: 68,419 Thread 0x00007fdb7137b000 Exception <a 'java/lang/ClassNotFoundException': com.miwashi.TestStatusApplication$$Lambda$9/1638472859> (0x000000076aecb810) thrown at [/Users/java_re/workspace/8-2-build-macosx-x86_64/jdk8u40/3153/hotspot/src/share/vm/prims/jni.cpp, line 735]
Event: 68,426 Thread 0x00007fdb7137b000 Exception <a 'java/lang/ClassNotFoundException': com.miwashi.TestStatusApplication$$Lambda$9/1638472859> (0x000000076aef7970) thrown at [/Users/java_re/workspace/8-2-build-macosx-x86_64/jdk8u40/3153/hotspot/src/share/vm/prims/jni.cpp, line 735]
Event: 70,214 Thread 0x00007fdb7137b000 Exception <a 'java/lang/ClassNotFoundException': com.miwashi.TestStatusApplication$$Lambda$9/1638472859> (0x000000076af23ad0) thrown at [/Users/java_re/workspace/8-2-build-macosx-x86_64/jdk8u40/3153/hotspot/src/share/vm/prims/jni.cpp, line 735]
Event: 70,218 Thread 0x00007fdb7137b000 Exception <a 'java/lang/ClassNotFoundException': com.miwashi.TestStatusApplication$$Lambda$9/1638472859> (0x000000076af4fc30) thrown at [/Users/java_re/workspace/8-2-build-macosx-x86_64/jdk8u40/3153/hotspot/src/share/vm/prims/jni.cpp, line 735]
Event: 72,104 Thread 0x00007fdb7137b000 Exception <a 'java/lang/ClassNotFoundException': com.miwashi.TestStatusApplication$$Lambda$9/1638472859> (0x000000076af7bd90) thrown at [/Users/java_re/workspace/8-2-build-macosx-x86_64/jdk8u40/3153/hotspot/src/share/vm/prims/jni.cpp, line 735]
Event: 72,109 Thread 0x00007fdb7137b000 Exception <a 'java/lang/ClassNotFoundException': com.miwashi.TestStatusApplication$$Lambda$9/1638472859> (0x000000076b490758) thrown at [/Users/java_re/workspace/8-2-build-macosx-x86_64/jdk8u40/3153/hotspot/src/share/vm/prims/jni.cpp, line 735]
Event: 74,026 Thread 0x00007fdb7137b000 Exception <a 'java/lang/ClassNotFoundException': com.miwashi.TestStatusApplication$$Lambda$9/1638472859> (0x000000076b4bc8b8) thrown at [/Users/java_re/workspace/8-2-build-macosx-x86_64/jdk8u40/3153/hotspot/src/share/vm/prims/jni.cpp, line 735]
Event: 74,028 Thread 0x00007fdb7137b000 Exception <a 'java/lang/ClassNotFoundException': com.miwashi.TestStatusApplication$$Lambda$9/1638472859> (0x000000076b4e8a18) thrown at [/Users/java_re/workspace/8-2-build-macosx-x86_64/jdk8u40/3153/hotspot/src/share/vm/prims/jni.cpp, line 735]
Event: 75,959 Thread 0x00007fdb7137b000 Exception <a 'java/lang/ClassNotFoundException': com.miwashi.TestStatusApplication$$Lambda$9/1638472859> (0x000000076b514b78) thrown at [/Users/java_re/workspace/8-2-build-macosx-x86_64/jdk8u40/3153/hotspot/src/share/vm/prims/jni.cpp, line 735]

Events (10 events):
Event: 108,489 Executing VM operation: RevokeBias done
Event: 108,491 Thread 0x00007fdb6a853000 flushing nmethod 0x000000010c152710
Event: 108,492 Thread 0x00007fdb6a853000 flushing nmethod 0x000000010c359090
Event: 108,506 Thread 0x00007fdb6c112000 Uncommon trap: trap_request=0xffffffc6 fr.pc=0x000000010c2d552c
Event: 108,506 Thread 0x00007fdb6c112000 DEOPT PACKING pc=0x000000010c2d552c sp=0x00000001305df4f0
Event: 108,506 Thread 0x00007fdb6c112000 DEOPT UNPACKING pc=0x000000010bee8229 sp=0x00000001305df470 mode 2
Event: 108,586 Thread 0x00007fdb6a853000 flushing nmethod 0x000000010c839410
Event: 109,509 Executing VM operation: RevokeBias
Event: 109,509 Executing VM operation: RevokeBias done
Event: 109,512 Thread 0x00007fdb6a853000 flushing nmethod 0x000000010cd53bd0


Dynamic libraries:
0x0000000002ed6000 	/System/Library/Frameworks/Cocoa.framework/Versions/A/Cocoa
0x0000000002ed6000 	/System/Library/Frameworks/Security.framework/Versions/A/Security
0x0000000002ed6000 	/System/Library/Frameworks/ApplicationServices.framework/Versions/A/ApplicationServices
0x0000000002ed6000 	/usr/lib/libz.1.dylib
0x0000000002ed6000 	/usr/lib/libSystem.B.dylib
0x0000000002ed6000 	/usr/lib/libobjc.A.dylib
0x0000000002ed6000 	/System/Library/Frameworks/CoreFoundation.framework/Versions/A/CoreFoundation
0x0000000002ed6000 	/System/Library/Frameworks/Foundation.framework/Versions/C/Foundation
0x0000000002ed6000 	/System/Library/Frameworks/AppKit.framework/Versions/C/AppKit
0x0000000002ed6000 	/System/Library/Frameworks/CoreData.framework/Versions/A/CoreData
0x0000000002ed6000 	/System/Library/PrivateFrameworks/RemoteViewServices.framework/Versions/A/RemoteViewServices
0x0000000002ed6000 	/System/Library/PrivateFrameworks/UIFoundation.framework/Versions/A/UIFoundation
0x0000000002ed6000 	/System/Library/Frameworks/IOSurface.framework/Versions/A/IOSurface
0x0000000002ed6000 	/System/Library/Frameworks/AudioToolbox.framework/Versions/A/AudioToolbox
0x0000000002ed6000 	/System/Library/Frameworks/AudioUnit.framework/Versions/A/AudioUnit
0x0000000002ed6000 	/System/Library/PrivateFrameworks/DataDetectorsCore.framework/Versions/A/DataDetectorsCore
0x0000000002ed6000 	/System/Library/PrivateFrameworks/DesktopServicesPriv.framework/Versions/A/DesktopServicesPriv
0x0000000002ed6000 	/System/Library/Frameworks/Carbon.framework/Versions/A/Frameworks/HIToolbox.framework/Versions/A/HIToolbox
0x0000000002ed6000 	/System/Library/Frameworks/QuartzCore.framework/Versions/A/QuartzCore
0x0000000002ed6000 	/System/Library/Frameworks/Carbon.framework/Versions/A/Frameworks/SpeechRecognition.framework/Versions/A/SpeechRecognition
0x0000000002ed6000 	/usr/lib/libauto.dylib
0x0000000002ed6000 	/usr/lib/libicucore.A.dylib
0x0000000002ed6000 	/usr/lib/libxml2.2.dylib
0x0000000002ed6000 	/System/Library/PrivateFrameworks/CoreUI.framework/Versions/A/CoreUI
0x0000000002ed6000 	/System/Library/Frameworks/CoreAudio.framework/Versions/A/CoreAudio
0x0000000002ed6000 	/System/Library/Frameworks/DiskArbitration.framework/Versions/A/DiskArbitration
0x0000000002ed6000 	/usr/lib/liblangid.dylib
0x0000000002ed6000 	/System/Library/PrivateFrameworks/MultitouchSupport.framework/Versions/A/MultitouchSupport
0x0000000002ed6000 	/System/Library/Frameworks/IOKit.framework/Versions/A/IOKit
0x0000000002ed6000 	/usr/lib/libDiagnosticMessagesClient.dylib
0x0000000002ed6000 	/System/Library/Frameworks/CoreServices.framework/Versions/A/CoreServices
0x0000000002ed6000 	/System/Library/PrivateFrameworks/PerformanceAnalysis.framework/Versions/A/PerformanceAnalysis
0x0000000002ed6000 	/System/Library/PrivateFrameworks/GenerationalStorage.framework/Versions/A/GenerationalStorage
0x0000000002ed6000 	/System/Library/Frameworks/OpenGL.framework/Versions/A/OpenGL
0x0000000002ed6000 	/System/Library/PrivateFrameworks/Sharing.framework/Versions/A/Sharing
0x0000000002ed6000 	/System/Library/Frameworks/CoreGraphics.framework/Versions/A/CoreGraphics
0x0000000002ed6000 	/System/Library/Frameworks/CoreText.framework/Versions/A/CoreText
0x0000000002ed6000 	/System/Library/Frameworks/ImageIO.framework/Versions/A/ImageIO
0x0000000002ed6000 	/usr/lib/libextension.dylib
0x0000000002ed6000 	/System/Library/PrivateFrameworks/Backup.framework/Versions/A/Backup
0x0000000002ed6000 	/usr/lib/libarchive.2.dylib
0x0000000002ed6000 	/System/Library/Frameworks/CFNetwork.framework/Versions/A/CFNetwork
0x0000000002ed6000 	/System/Library/Frameworks/SystemConfiguration.framework/Versions/A/SystemConfiguration
0x0000000002ed6000 	/usr/lib/libCRFSuite.dylib
0x0000000002ed6000 	/usr/lib/libc++.1.dylib
0x0000000002ed6000 	/usr/lib/libc++abi.dylib
0x0000000002ed6000 	/usr/lib/system/libcache.dylib
0x0000000002ed6000 	/usr/lib/system/libcommonCrypto.dylib
0x0000000002ed6000 	/usr/lib/system/libcompiler_rt.dylib
0x0000000002ed6000 	/usr/lib/system/libcopyfile.dylib
0x0000000002ed6000 	/usr/lib/system/libcorecrypto.dylib
0x0000000002ed6000 	/usr/lib/system/libdispatch.dylib
0x0000000002ed6000 	/usr/lib/system/libdyld.dylib
0x0000000002ed6000 	/usr/lib/system/libkeymgr.dylib
0x0000000002ed6000 	/usr/lib/system/liblaunch.dylib
0x0000000002ed6000 	/usr/lib/system/libmacho.dylib
0x0000000002ed6000 	/usr/lib/system/libquarantine.dylib
0x0000000002ed6000 	/usr/lib/system/libremovefile.dylib
0x0000000002ed6000 	/usr/lib/system/libsystem_asl.dylib
0x0000000002ed6000 	/usr/lib/system/libsystem_blocks.dylib
0x0000000002ed6000 	/usr/lib/system/libsystem_c.dylib
0x0000000002ed6000 	/usr/lib/system/libsystem_configuration.dylib
0x0000000002ed6000 	/usr/lib/system/libsystem_coreservices.dylib
0x0000000002ed6000 	/usr/lib/system/libsystem_coretls.dylib
0x0000000002ed6000 	/usr/lib/system/libsystem_dnssd.dylib
0x0000000002ed6000 	/usr/lib/system/libsystem_info.dylib
0x0000000002ed6000 	/usr/lib/system/libsystem_kernel.dylib
0x0000000002ed6000 	/usr/lib/system/libsystem_m.dylib
0x0000000002ed6000 	/usr/lib/system/libsystem_malloc.dylib
0x0000000002ed6000 	/usr/lib/system/libsystem_network.dylib
0x0000000002ed6000 	/usr/lib/system/libsystem_networkextension.dylib
0x0000000002ed6000 	/usr/lib/system/libsystem_notify.dylib
0x0000000002ed6000 	/usr/lib/system/libsystem_platform.dylib
0x0000000002ed6000 	/usr/lib/system/libsystem_pthread.dylib
0x0000000002ed6000 	/usr/lib/system/libsystem_sandbox.dylib
0x0000000002ed6000 	/usr/lib/system/libsystem_secinit.dylib
0x0000000002ed6000 	/usr/lib/system/libsystem_stats.dylib
0x0000000002ed6000 	/usr/lib/system/libsystem_trace.dylib
0x0000000002ed6000 	/usr/lib/system/libunc.dylib
0x0000000002ed6000 	/usr/lib/system/libunwind.dylib
0x0000000002ed6000 	/usr/lib/system/libxpc.dylib
0x0000000002ed6000 	/usr/lib/libbz2.1.0.dylib
0x0000000002ed6000 	/usr/lib/liblzma.5.dylib
0x0000000002ed6000 	/usr/lib/libbsm.0.dylib
0x0000000002ed6000 	/usr/lib/libsqlite3.dylib
0x0000000002ed6000 	/usr/lib/system/libkxld.dylib
0x0000000002ed6000 	/usr/lib/libxar.1.dylib
0x0000000002ed6000 	/usr/lib/libpam.2.dylib
0x0000000002ed6000 	/usr/lib/libOpenScriptingUtil.dylib
0x0000000002ed6000 	/System/Library/Frameworks/CoreServices.framework/Versions/A/Frameworks/FSEvents.framework/Versions/A/FSEvents
0x0000000002ed6000 	/System/Library/Frameworks/CoreServices.framework/Versions/A/Frameworks/CarbonCore.framework/Versions/A/CarbonCore
0x0000000002ed6000 	/System/Library/Frameworks/CoreServices.framework/Versions/A/Frameworks/Metadata.framework/Versions/A/Metadata
0x0000000002ed6000 	/System/Library/Frameworks/CoreServices.framework/Versions/A/Frameworks/OSServices.framework/Versions/A/OSServices
0x0000000002ed6000 	/System/Library/Frameworks/CoreServices.framework/Versions/A/Frameworks/SearchKit.framework/Versions/A/SearchKit
0x0000000002ed6000 	/System/Library/Frameworks/CoreServices.framework/Versions/A/Frameworks/AE.framework/Versions/A/AE
0x0000000002ed6000 	/System/Library/Frameworks/CoreServices.framework/Versions/A/Frameworks/LaunchServices.framework/Versions/A/LaunchServices
0x0000000002ed6000 	/System/Library/Frameworks/CoreServices.framework/Versions/A/Frameworks/DictionaryServices.framework/Versions/A/DictionaryServices
0x0000000002ed6000 	/System/Library/Frameworks/NetFS.framework/Versions/A/NetFS
0x0000000002ed6000 	/System/Library/PrivateFrameworks/NetAuth.framework/Versions/A/NetAuth
0x0000000002ed6000 	/System/Library/PrivateFrameworks/login.framework/Versions/A/Frameworks/loginsupport.framework/Versions/A/loginsupport
0x0000000002ed6000 	/System/Library/PrivateFrameworks/TCC.framework/Versions/A/TCC
0x0000000002ed6000 	/usr/lib/libmecabra.dylib
0x0000000002ed6000 	/System/Library/Frameworks/ApplicationServices.framework/Versions/A/Frameworks/ATS.framework/Versions/A/ATS
0x0000000002ed6000 	/System/Library/Frameworks/ApplicationServices.framework/Versions/A/Frameworks/ColorSync.framework/Versions/A/ColorSync
0x0000000002ed6000 	/System/Library/Frameworks/ApplicationServices.framework/Versions/A/Frameworks/HIServices.framework/Versions/A/HIServices
0x0000000002ed6000 	/System/Library/Frameworks/ApplicationServices.framework/Versions/A/Frameworks/LangAnalysis.framework/Versions/A/LangAnalysis
0x0000000002ed6000 	/System/Library/Frameworks/ApplicationServices.framework/Versions/A/Frameworks/PrintCore.framework/Versions/A/PrintCore
0x0000000002ed6000 	/System/Library/Frameworks/ApplicationServices.framework/Versions/A/Frameworks/QD.framework/Versions/A/QD
0x0000000002ed6000 	/System/Library/Frameworks/ApplicationServices.framework/Versions/A/Frameworks/SpeechSynthesis.framework/Versions/A/SpeechSynthesis
0x0000000002ed6000 	/System/Library/Frameworks/Accelerate.framework/Versions/A/Accelerate
0x0000000002ed6000 	/System/Library/Frameworks/Accelerate.framework/Versions/A/Frameworks/vImage.framework/Versions/A/vImage
0x0000000002ed6000 	/System/Library/Frameworks/Accelerate.framework/Versions/A/Frameworks/vecLib.framework/Versions/A/vecLib
0x0000000002ed6000 	/System/Library/Frameworks/Accelerate.framework/Versions/A/Frameworks/vecLib.framework/Versions/A/libvDSP.dylib
0x0000000002ed6000 	/System/Library/Frameworks/Accelerate.framework/Versions/A/Frameworks/vecLib.framework/Versions/A/libvMisc.dylib
0x0000000002ed6000 	/System/Library/Frameworks/Accelerate.framework/Versions/A/Frameworks/vecLib.framework/Versions/A/libLAPACK.dylib
0x0000000002ed6000 	/System/Library/Frameworks/Accelerate.framework/Versions/A/Frameworks/vecLib.framework/Versions/A/libBLAS.dylib
0x0000000002ed6000 	/System/Library/Frameworks/Accelerate.framework/Versions/A/Frameworks/vecLib.framework/Versions/A/libLinearAlgebra.dylib
0x0000000002ed6000 	/System/Library/Frameworks/ApplicationServices.framework/Versions/A/Frameworks/ATS.framework/Versions/A/Resources/libFontParser.dylib
0x0000000002ed6000 	/System/Library/Frameworks/ApplicationServices.framework/Versions/A/Frameworks/ATS.framework/Versions/A/Resources/libFontRegistry.dylib
0x0000000002ed6000 	/System/Library/PrivateFrameworks/AppleVPA.framework/Versions/A/AppleVPA
0x0000000002ed6000 	/System/Library/PrivateFrameworks/AppleJPEG.framework/Versions/A/AppleJPEG
0x0000000002ed6000 	/System/Library/Frameworks/ImageIO.framework/Versions/A/Resources/libJPEG.dylib
0x0000000002ed6000 	/System/Library/Frameworks/ImageIO.framework/Versions/A/Resources/libTIFF.dylib
0x0000000002ed6000 	/System/Library/Frameworks/ImageIO.framework/Versions/A/Resources/libPng.dylib
0x0000000002ed6000 	/System/Library/Frameworks/ImageIO.framework/Versions/A/Resources/libGIF.dylib
0x0000000002ed6000 	/System/Library/Frameworks/ImageIO.framework/Versions/A/Resources/libJP2.dylib
0x0000000002ed6000 	/System/Library/Frameworks/ImageIO.framework/Versions/A/Resources/libRadiance.dylib
0x0000000002ed6000 	/System/Library/Frameworks/CoreVideo.framework/Versions/A/CoreVideo
0x0000000002ed6000 	/System/Library/Frameworks/OpenGL.framework/Versions/A/Libraries/libGLU.dylib
0x0000000002ed6000 	/System/Library/Frameworks/OpenGL.framework/Versions/A/Libraries/libGFXShared.dylib
0x0000000002ed6000 	/System/Library/Frameworks/OpenGL.framework/Versions/A/Libraries/libGL.dylib
0x0000000002ed6000 	/System/Library/Frameworks/OpenGL.framework/Versions/A/Libraries/libGLImage.dylib
0x0000000002ed6000 	/System/Library/Frameworks/OpenGL.framework/Versions/A/Libraries/libCVMSPluginSupport.dylib
0x0000000002ed6000 	/System/Library/Frameworks/OpenGL.framework/Versions/A/Libraries/libCoreVMClient.dylib
0x0000000002ed6000 	/usr/lib/libcups.2.dylib
0x0000000002ed6000 	/System/Library/Frameworks/Kerberos.framework/Versions/A/Kerberos
0x0000000002ed6000 	/System/Library/Frameworks/GSS.framework/Versions/A/GSS
0x0000000002ed6000 	/usr/lib/libresolv.9.dylib
0x0000000002ed6000 	/usr/lib/libiconv.2.dylib
0x0000000002ed6000 	/System/Library/PrivateFrameworks/Heimdal.framework/Versions/A/Heimdal
0x0000000002ed6000 	/usr/lib/libheimdal-asn1.dylib
0x0000000002ed6000 	/System/Library/Frameworks/OpenDirectory.framework/Versions/A/OpenDirectory
0x0000000002ed6000 	/System/Library/PrivateFrameworks/CommonAuth.framework/Versions/A/CommonAuth
0x0000000002ed6000 	/System/Library/Frameworks/OpenDirectory.framework/Versions/A/Frameworks/CFOpenDirectory.framework/Versions/A/CFOpenDirectory
0x0000000002ed6000 	/System/Library/Frameworks/SecurityFoundation.framework/Versions/A/SecurityFoundation
0x0000000002ed6000 	/System/Library/PrivateFrameworks/LanguageModeling.framework/Versions/A/LanguageModeling
0x0000000002ed6000 	/usr/lib/libcmph.dylib
0x0000000002ed6000 	/System/Library/Frameworks/ServiceManagement.framework/Versions/A/ServiceManagement
0x0000000002ed6000 	/usr/lib/libxslt.1.dylib
0x0000000002ed6000 	/System/Library/Frameworks/Carbon.framework/Versions/A/Frameworks/Ink.framework/Versions/A/Ink
0x0000000002ed6000 	/System/Library/Frameworks/QuartzCore.framework/Versions/A/Frameworks/CoreImage.framework/Versions/A/CoreImage
0x0000000002ed6000 	/System/Library/PrivateFrameworks/CrashReporterSupport.framework/Versions/A/CrashReporterSupport
0x0000000002ed6000 	/System/Library/Frameworks/OpenCL.framework/Versions/A/OpenCL
0x0000000002ed6000 	/System/Library/PrivateFrameworks/FaceCore.framework/Versions/A/FaceCore
0x0000000002ed6000 	/System/Library/PrivateFrameworks/Ubiquity.framework/Versions/A/Ubiquity
0x0000000002ed6000 	/System/Library/PrivateFrameworks/IconServices.framework/Versions/A/IconServices
0x0000000002ed6000 	/System/Library/PrivateFrameworks/ChunkingLibrary.framework/Versions/A/ChunkingLibrary
0x0000000002ed6000 	/System/Library/PrivateFrameworks/Apple80211.framework/Versions/A/Apple80211
0x0000000002ed6000 	/System/Library/Frameworks/CoreWLAN.framework/Versions/A/CoreWLAN
0x0000000002ed6000 	/System/Library/Frameworks/IOBluetooth.framework/Versions/A/IOBluetooth
0x0000000002ed6000 	/System/Library/PrivateFrameworks/CoreWiFi.framework/Versions/A/CoreWiFi
0x0000000002ed6000 	/System/Library/Frameworks/CoreBluetooth.framework/Versions/A/CoreBluetooth
0x0000000002ed6000 	/System/Library/PrivateFrameworks/DebugSymbols.framework/Versions/A/DebugSymbols
0x0000000002ed6000 	/System/Library/PrivateFrameworks/CoreSymbolication.framework/Versions/A/CoreSymbolication
0x0000000002ed6000 	/System/Library/PrivateFrameworks/Symbolication.framework/Versions/A/Symbolication
0x0000000002ed6000 	/System/Library/PrivateFrameworks/SpeechRecognitionCore.framework/Versions/A/SpeechRecognitionCore
0x000000010ae00000 	/Library/Java/JavaVirtualMachines/jdk1.8.0_40.jdk/Contents/Home/jre/lib/server/libjvm.dylib
0x0000000002ed6000 	/usr/lib/libstdc++.6.dylib
0x0000000109dcb000 	/Library/Java/JavaVirtualMachines/jdk1.8.0_40.jdk/Contents/Home/jre/lib/libverify.dylib
0x000000010be6c000 	/Library/Java/JavaVirtualMachines/jdk1.8.0_40.jdk/Contents/Home/jre/lib/libjava.dylib
0x0000000109dda000 	/Library/Java/JavaVirtualMachines/jdk1.8.0_40.jdk/Contents/Home/jre/lib/libinstrument.dylib
0x000000010beda000 	/Library/Java/JavaVirtualMachines/jdk1.8.0_40.jdk/Contents/Home/jre/lib/libzip.dylib
0x0000000127a91000 	/System/Library/Frameworks/JavaVM.framework/Frameworks/JavaRuntimeSupport.framework/JavaRuntimeSupport
0x0000000127aa9000 	/System/Library/Frameworks/JavaVM.framework/Versions/A/Frameworks/JavaNativeFoundation.framework/Versions/A/JavaNativeFoundation
0x0000000127abe000 	/System/Library/Frameworks/JavaVM.framework/Versions/A/JavaVM
0x0000000002ed6000 	/System/Library/Frameworks/Carbon.framework/Versions/A/Carbon
0x0000000127acb000 	/System/Library/PrivateFrameworks/JavaLaunching.framework/Versions/A/JavaLaunching
0x0000000002ed6000 	/System/Library/Frameworks/Carbon.framework/Versions/A/Frameworks/CommonPanels.framework/Versions/A/CommonPanels
0x0000000002ed6000 	/System/Library/Frameworks/Carbon.framework/Versions/A/Frameworks/Help.framework/Versions/A/Help
0x0000000002ed6000 	/System/Library/Frameworks/Carbon.framework/Versions/A/Frameworks/ImageCapture.framework/Versions/A/ImageCapture
0x0000000002ed6000 	/System/Library/Frameworks/Carbon.framework/Versions/A/Frameworks/OpenScripting.framework/Versions/A/OpenScripting
0x0000000002ed6000 	/System/Library/Frameworks/Carbon.framework/Versions/A/Frameworks/Print.framework/Versions/A/Print
0x0000000002ed6000 	/System/Library/Frameworks/Carbon.framework/Versions/A/Frameworks/SecurityHI.framework/Versions/A/SecurityHI
0x0000000129e82000 	/Library/Java/JavaVirtualMachines/jdk1.8.0_40.jdk/Contents/Home/jre/lib/libmanagement.dylib
0x0000000129ec3000 	/Library/Java/JavaVirtualMachines/jdk1.8.0_40.jdk/Contents/Home/jre/lib/libnet.dylib
0x0000000129eda000 	/Library/Java/JavaVirtualMachines/jdk1.8.0_40.jdk/Contents/Home/jre/lib/libnio.dylib

VM Arguments:
jvm_args: -javaagent:/Users/miwa01/.gradle/caches/modules-2/files-2.1/org.springframework/springloaded/1.2.3.RELEASE/adb44a1feaae2d717b534fec52210f1838de4aed/springloaded-1.2.3.RELEASE.jar -Xverify:none -Dfile.encoding=UTF-8 -Duser.country=SE -Duser.language=sv -Duser.variant 
java_command: com.miwashi.TestStatusApplication
java_class_path (initial): /Users/miwa01/ws/test-status/src/main/resources:/Users/miwa01/ws/test-status/build/classes/main:/Users/miwa01/ws/test-status/build/resources/main:/Users/miwa01/.gradle/caches/modules-2/files-2.1/org.springframework.boot/spring-boot-starter-data-jpa/1.2.4.RELEASE/4951251639770bb7b8515d104aa5d0167cf21e76/spring-boot-starter-data-jpa-1.2.4.RELEASE.jar:/Users/miwa01/.gradle/caches/modules-2/files-2.1/org.springframework.boot/spring-boot-starter-data-rest/1.2.4.RELEASE/f0189b5730133d11c54fc7b0cee1610e4ebf196c/spring-boot-starter-data-rest-1.2.4.RELEASE.jar:/Users/miwa01/.gradle/caches/modules-2/files-2.1/org.springframework.boot/spring-boot-starter-thymeleaf/1.2.4.RELEASE/a119262716e9c268a03e156c3f7fae0558c5542b/spring-boot-starter-thymeleaf-1.2.4.RELEASE.jar:/Users/miwa01/.gradle/caches/modules-2/files-2.1/org.springframework.boot/spring-boot-starter-web/1.2.4.RELEASE/adeeafac27347c0767ef5753eced12877ab4457/spring-boot-starter-web-1.2.4.RELEASE.jar:/Users/miwa01/.gradle/caches/modules-2/files-2.1/org.springframework.boot/spring-boot-starter-actuator/1.2.4.RELEASE/b0b849740c8c3447b4a106574c50fb3e45d289dc/spring-boot-starter-actuator-1.2.4.RELEASE.jar:/Users/miwa01/.gradle/caches/modules-2/files-2.1/com.mangofactory/swagger-springmvc/1.0.2/aa907b28cdb551c378a4ee61e3e5150b3083ee01/swagger-springmvc-1.0.2.jar:/Users/miwa01/.gradle/caches/modules-2/files-2.1/org.webjars/swagger-ui/2.1.0/52449b3878b949f8791dc86b14637644f6e5fc7f/swagger-ui-2.1.0.jar:/Users/miwa01/.gradle/caches/modules-2/files-2.1/org.projectreactor/reactor-net/1.1.3.RELEASE/44257ebf25f903ecf205ed1fa39deebaac94d52e/reactor-net-1.1.3.RELEASE.jar:/Users/miwa01/.gradle/caches/modules-2/files-2.1/org.projectreactor.spring/reactor-spring-context/1.1.3.RELEASE/124437b12e112f76cabc966cc13a7a42540d5d15/reactor-spring-context-1.1.3.RELEASE.jar:/Users/miwa01/.gradle/caches/modules-2/files-2.1/com.google.code.gson/gson/2.3.1/ecb6e1f8e4b0e84c4b886c2f14a1500caf309757/gson-2.3.1.jar:/Users/miwa0
Launcher Type: SUN_STANDARD

Environment Variables:
PATH=/usr/local/bin:/usr/bin:/bin:/usr/sbin:/sbin
SHELL=/bin/bash

Signal Handlers:
SIGSEGV: [libjvm.dylib+0x58ef95], sa_mask[0]=11111111011111110111111111111111, sa_flags=SA_ONSTACK|SA_RESTART|SA_SIGINFO
SIGBUS: [libjvm.dylib+0x58ef95], sa_mask[0]=11111111011111110111111111111111, sa_flags=SA_RESTART|SA_SIGINFO
SIGFPE: [libjvm.dylib+0x46c118], sa_mask[0]=11111111011111110111111111111111, sa_flags=SA_RESTART|SA_SIGINFO
SIGPIPE: [libjvm.dylib+0x46c118], sa_mask[0]=11111111011111110111111111111111, sa_flags=SA_RESTART|SA_SIGINFO
SIGXFSZ: [libjvm.dylib+0x46c118], sa_mask[0]=11111111011111110111111111111111, sa_flags=SA_RESTART|SA_SIGINFO
SIGILL: [libjvm.dylib+0x46c118], sa_mask[0]=11111111011111110111111111111111, sa_flags=SA_RESTART|SA_SIGINFO
SIGUSR1: SIG_DFL, sa_mask[0]=11011111011111100000000111000110, sa_flags=none
SIGUSR2: [libjvm.dylib+0x46bc36], sa_mask[0]=00100000000000000000000000000000, sa_flags=SA_RESTART|SA_SIGINFO
SIGHUP: [libjvm.dylib+0x46a209], sa_mask[0]=11111111011111110111111111111111, sa_flags=SA_RESTART|SA_SIGINFO
SIGINT: [libjvm.dylib+0x46a209], sa_mask[0]=11111111011111110111111111111111, sa_flags=SA_RESTART|SA_SIGINFO
SIGTERM: [libjvm.dylib+0x46a209], sa_mask[0]=11111111011111110111111111111111, sa_flags=SA_RESTART|SA_SIGINFO
SIGQUIT: [libjvm.dylib+0x46a209], sa_mask[0]=11111111011111110111111111111111, sa_flags=SA_RESTART|SA_SIGINFO


---------------  S Y S T E M  ---------------

OS:Bsduname:Darwin 14.4.0 Darwin Kernel Version 14.4.0: Thu May 28 11:35:04 PDT 2015; root:xnu-2782.30.5~1/RELEASE_X86_64 x86_64
rlimit: STACK 8192k, CORE 0k, NPROC 709, NOFILE 10240, AS infinity
load average:3,64 3,26 2,97

CPU:total 8 (4 cores per cpu, 2 threads per core) family 6 model 70 stepping 1, cmov, cx8, fxsr, mmx, sse, sse2, sse3, ssse3, sse4.1, sse4.2, popcnt, avx, avx2, aes, clmul, erms, rtm, lzcnt, ht, tsc, tscinvbit, bmi1, bmi2

Memory: 4k page, physical 16777216k(3144312k free)

/proc/meminfo:


vm_info: Java HotSpot(TM) 64-Bit Server VM (25.40-b25) for bsd-amd64 JRE (1.8.0_40-b27), built on Mar 13 2015 04:46:52 by "java_re" with gcc 4.2.1 (Based on Apple Inc. build 5658) (LLVM build 2336.11.00)

time: Fri Jul 24 15:46:20 2015
elapsed time: 111 seconds (0d 0h 1m 51s)

